current directory: /home/foreman/.gem/ruby/gems/nokogiri-1.6.8/ext/nokogiri
/usr/bin/ruby -r ./siteconf20160812-16-7hhml6.rb extconf.rb
Using pkg-config version 1.1.7
checking if the C compiler accepts ... *** extconf.rb failed ***
Could not create Makefile due to some reason, probably lack of necessary
libraries and/or headers.  Check the mkmf.log file for more details.  You may
need configuration options.

Provided configuration options:
	--with-opt-dir
	--without-opt-dir
	--with-opt-include
	--without-opt-include=${opt-dir}/include
	--with-opt-lib
	--without-opt-lib=${opt-dir}/lib64
	--with-make-prog
	--without-make-prog
	--srcdir=.
	--curdir
	--ruby=/usr/bin/$(RUBY_BASE_NAME)
	--help
	--clean
/usr/share/ruby/mkmf.rb:456:in `try_do': The compiler failed to generate an executable file. (RuntimeError)
You have to install development tools first.
	from /usr/share/ruby/mkmf.rb:571:in `block in try_compile'
	from /usr/share/ruby/mkmf.rb:522:in `with_werror'
	from /usr/share/ruby/mkmf.rb:571:in `try_compile'
	from extconf.rb:138:in `nokogiri_try_compile'
	from extconf.rb:162:in `block in add_cflags'
	from /usr/share/ruby/mkmf.rb:629:in `with_cflags'
	from extconf.rb:161:in `add_cflags'
	from extconf.rb:414:in `<main>'

To see why this extension failed to compile, please check the mkmf.log which can be found here:

  /home/foreman/.gem/ruby/extensions/x86_64-linux/2.3.0/nokogiri-1.6.8/mkmf.log

extconf failed, exit code 1
